[0.777s] DEBUG:colcon:Command line arguments: ['/usr/bin/colcon', 'build']
[0.778s] DEBUG:colcon:Parsed command line arguments: Namespace(log_base=None, log_level=None, verb_name='build', build_base='build', install_base='install', merge_install=False, symlink_install=False, test_result_base=None, continue_on_error=False, executor='parallel', parallel_workers=16, event_handlers=None, ignore_user_meta=False, metas=['./colcon.meta'], base_paths=['.'], packages_ignore=None, packages_ignore_regex=None, paths=None, packages_up_to=None, packages_up_to_regex=None, packages_above=None, packages_above_and_dependencies=None, packages_above_depth=None, packages_select_by_dep=None, packages_skip_by_dep=None, packages_skip_up_to=None, packages_select_build_failed=False, packages_skip_build_finished=False, packages_select_test_failures=False, packages_skip_test_passed=False, packages_select=None, packages_skip=None, packages_select_regex=None, packages_skip_regex=None, packages_start=None, packages_end=None, allow_overriding=[], cmake_args=None, cmake_target=None, cmake_target_skip_unavailable=False, cmake_clean_cache=False, cmake_clean_first=False, cmake_force_configure=False, ament_cmake_args=None, catkin_cmake_args=None, catkin_skip_building_tests=False, verb_parser=<colcon_defaults.argument_parser.defaults.DefaultArgumentsDecorator object at 0x7f71ba7da2f0>, verb_extension=<colcon_core.verb.build.BuildVerb object at 0x7f71ba94b700>, main=<bound method BuildVerb.main of <colcon_core.verb.build.BuildVerb object at 0x7f71ba94b700>>)
[1.730s] Level 1:colcon.colcon_core.package_discovery:discover_packages(colcon_meta) check parameters
[1.731s] Level 1:colcon.colcon_core.package_discovery:discover_packages(recursive) check parameters
[1.732s] Level 1:colcon.colcon_core.package_discovery:discover_packages(ignore) check parameters
[1.733s] Level 1:colcon.colcon_core.package_discovery:discover_packages(path) check parameters
[1.734s] Level 1:colcon.colcon_core.package_discovery:discover_packages(colcon_meta) discover
[1.735s] Level 1:colcon.colcon_core.package_discovery:discover_packages(recursive) discover
[1.736s] INFO:colcon.colcon_core.package_discovery:Crawling recursively for packages in '/home/david/program/ROS_printer'
[1.741s] Level 1:colcon.colcon_core.package_identification:_identify(.) by extensions ['ignore', 'ignore_ament_install']
[1.743s] Level 1:colcon.colcon_core.package_identification:_identify(.) by extension 'ignore'
[1.744s] Level 1:colcon.colcon_core.package_identification:_identify(.) by extension 'ignore_ament_install'
[1.747s] Level 1:colcon.colcon_core.package_identification:_identify(.) by extensions ['colcon_pkg']
[1.747s] Level 1:colcon.colcon_core.package_identification:_identify(.) by extension 'colcon_pkg'
[1.749s] Level 1:colcon.colcon_core.package_identification:_identify(.) by extensions ['colcon_meta']
[1.750s] Level 1:colcon.colcon_core.package_identification:_identify(.) by extension 'colcon_meta'
[1.750s] Level 1:colcon.colcon_core.package_identification:_identify(.) by extensions ['ros']
[1.751s] Level 1:colcon.colcon_core.package_identification:_identify(.) by extension 'ros'
[1.798s] Level 1:colcon.colcon_core.package_identification:_identify(.) by extensions ['cmake', 'python']
[1.799s] Level 1:colcon.colcon_core.package_identification:_identify(.) by extension 'cmake'
[1.801s] Level 1:colcon.colcon_core.package_identification:_identify(.) by extension 'python'
[1.802s] Level 1:colcon.colcon_core.package_identification:_identify(.) by extensions ['python_setup_py']
[1.803s] Level 1:colcon.colcon_core.package_identification:_identify(.) by extension 'python_setup_py'
[1.812s] Level 1:colcon.colcon_core.package_identification:_identify(build) by extensions ['ignore', 'ignore_ament_install']
[1.813s] Level 1:colcon.colcon_core.package_identification:_identify(build) by extension 'ignore'
[1.817s] Level 1:colcon.colcon_core.package_identification:_identify(build) ignored
[1.827s] Level 1:colcon.colcon_core.package_identification:_identify(install) by extensions ['ignore', 'ignore_ament_install']
[1.828s] Level 1:colcon.colcon_core.package_identification:_identify(install) by extension 'ignore'
[1.833s] Level 1:colcon.colcon_core.package_identification:_identify(install) ignored
[1.847s] Level 1:colcon.colcon_core.package_identification:_identify(log) by extensions ['ignore', 'ignore_ament_install']
[1.848s] Level 1:colcon.colcon_core.package_identification:_identify(log) by extension 'ignore'
[1.850s] Level 1:colcon.colcon_core.package_identification:_identify(log) ignored
[1.859s] Level 1:colcon.colcon_core.package_identification:_identify(src) by extensions ['ignore', 'ignore_ament_install']
[1.860s] Level 1:colcon.colcon_core.package_identification:_identify(src) by extension 'ignore'
[1.862s] Level 1:colcon.colcon_core.package_identification:_identify(src) by extension 'ignore_ament_install'
[1.868s] Level 1:colcon.colcon_core.package_identification:_identify(src) by extensions ['colcon_pkg']
[1.869s] Level 1:colcon.colcon_core.package_identification:_identify(src) by extension 'colcon_pkg'
[1.871s] Level 1:colcon.colcon_core.package_identification:_identify(src) by extensions ['colcon_meta']
[1.872s] Level 1:colcon.colcon_core.package_identification:_identify(src) by extension 'colcon_meta'
[1.875s] Level 1:colcon.colcon_core.package_identification:_identify(src) by extensions ['ros']
[1.876s] Level 1:colcon.colcon_core.package_identification:_identify(src) by extension 'ros'
[1.886s] Level 1:colcon.colcon_core.package_identification:_identify(src) by extensions ['cmake', 'python']
[1.887s] Level 1:colcon.colcon_core.package_identification:_identify(src) by extension 'cmake'
[1.890s] Level 1:colcon.colcon_core.package_identification:_identify(src) by extension 'python'
[1.893s] Level 1:colcon.colcon_core.package_identification:_identify(src) by extensions ['python_setup_py']
[1.894s] Level 1:colcon.colcon_core.package_identification:_identify(src) by extension 'python_setup_py'
[1.910s] Level 1:colcon.colcon_core.package_identification:_identify(src/arduino_test) by extensions ['ignore', 'ignore_ament_install']
[1.911s] Level 1:colcon.colcon_core.package_identification:_identify(src/arduino_test) by extension 'ignore'
[1.915s] Level 1:colcon.colcon_core.package_identification:_identify(src/arduino_test) by extension 'ignore_ament_install'
[1.923s] Level 1:colcon.colcon_core.package_identification:_identify(src/arduino_test) by extensions ['colcon_pkg']
[1.924s] Level 1:colcon.colcon_core.package_identification:_identify(src/arduino_test) by extension 'colcon_pkg'
[1.928s] Level 1:colcon.colcon_core.package_identification:_identify(src/arduino_test) by extensions ['colcon_meta']
[1.929s] Level 1:colcon.colcon_core.package_identification:_identify(src/arduino_test) by extension 'colcon_meta'
[1.936s] Level 1:colcon.colcon_core.package_identification:_identify(src/arduino_test) by extensions ['ros']
[1.937s] Level 1:colcon.colcon_core.package_identification:_identify(src/arduino_test) by extension 'ros'
[2.040s] DEBUG:colcon.colcon_core.package_identification:Package 'src/arduino_test' with type 'ros.ament_python' and name 'arduino_test'
[2.041s] Level 1:colcon.colcon_core.package_discovery:discover_packages(recursive) using defaults
[2.041s] Level 1:colcon.colcon_core.package_discovery:discover_packages(ignore) discover
[2.042s] Level 1:colcon.colcon_core.package_discovery:discover_packages(ignore) using defaults
[2.043s] Level 1:colcon.colcon_core.package_discovery:discover_packages(path) discover
[2.044s] Level 1:colcon.colcon_core.package_discovery:discover_packages(path) using defaults
[2.160s] Level 1:colcon.colcon_core.package_discovery:discover_packages(prefix_path) check parameters
[2.161s] Level 1:colcon.colcon_core.package_discovery:discover_packages(prefix_path) discover
[2.245s] DEBUG:colcon.colcon_installed_package_information.package_discovery:Found 0 installed packages in /home/david/program/ROS_printer/install
[2.249s] DEBUG:colcon.colcon_installed_package_information.package_discovery:Found 271 installed packages in /opt/ros/humble
[2.255s] Level 1:colcon.colcon_core.package_discovery:discover_packages(prefix_path) using defaults
[2.391s] Level 5:colcon.colcon_core.verb:set package 'arduino_test' build argument 'cmake_args' from command line to 'None'
[2.392s] Level 5:colcon.colcon_core.verb:set package 'arduino_test' build argument 'cmake_target' from command line to 'None'
[2.393s] Level 5:colcon.colcon_core.verb:set package 'arduino_test' build argument 'cmake_target_skip_unavailable' from command line to 'False'
[2.394s] Level 5:colcon.colcon_core.verb:set package 'arduino_test' build argument 'cmake_clean_cache' from command line to 'False'
[2.394s] Level 5:colcon.colcon_core.verb:set package 'arduino_test' build argument 'cmake_clean_first' from command line to 'False'
[2.395s] Level 5:colcon.colcon_core.verb:set package 'arduino_test' build argument 'cmake_force_configure' from command line to 'False'
[2.396s] Level 5:colcon.colcon_core.verb:set package 'arduino_test' build argument 'ament_cmake_args' from command line to 'None'
[2.396s] Level 5:colcon.colcon_core.verb:set package 'arduino_test' build argument 'catkin_cmake_args' from command line to 'None'
[2.397s] Level 5:colcon.colcon_core.verb:set package 'arduino_test' build argument 'catkin_skip_building_tests' from command line to 'False'
[2.398s] DEBUG:colcon.colcon_core.verb:Building package 'arduino_test' with the following arguments: {'ament_cmake_args': None, 'build_base': '/home/david/program/ROS_printer/build/arduino_test', 'catkin_cmake_args': None, 'catkin_skip_building_tests': False, 'cmake_args': None, 'cmake_clean_cache': False, 'cmake_clean_first': False, 'cmake_force_configure': False, 'cmake_target': None, 'cmake_target_skip_unavailable': False, 'install_base': '/home/david/program/ROS_printer/install/arduino_test', 'merge_install': False, 'path': '/home/david/program/ROS_printer/src/arduino_test', 'symlink_install': False, 'test_result_base': None}
[2.399s] INFO:colcon.colcon_core.executor:Executing jobs using 'parallel' executor
[2.403s] DEBUG:colcon.colcon_parallel_executor.executor.parallel:run_until_complete
[2.404s] INFO:colcon.colcon_ros.task.ament_python.build:Building ROS package in '/home/david/program/ROS_printer/src/arduino_test' with build type 'ament_python'
[2.405s] Level 1:colcon.colcon_core.shell:create_environment_hook('arduino_test', 'ament_prefix_path')
[2.423s] INFO:colcon.colcon_core.plugin_system:Skipping extension 'colcon_core.shell.bat': Not used on non-Windows systems
[2.424s] INFO:colcon.colcon_core.shell:Creating environment hook '/home/david/program/ROS_printer/install/arduino_test/share/arduino_test/hook/ament_prefix_path.ps1'
[2.485s] INFO:colcon.colcon_core.shell:Creating environment descriptor '/home/david/program/ROS_printer/install/arduino_test/share/arduino_test/hook/ament_prefix_path.dsv'
[2.530s] INFO:colcon.colcon_core.shell:Creating environment hook '/home/david/program/ROS_printer/install/arduino_test/share/arduino_test/hook/ament_prefix_path.sh'
[2.574s] INFO:colcon.colcon_core.shell:Skip shell extension 'powershell' for command environment: Not usable outside of PowerShell
[2.575s] DEBUG:colcon.colcon_core.shell:Skip shell extension 'dsv' for command environment
[3.515s] INFO:colcon.colcon_core.task.python.build:Building Python package in '/home/david/program/ROS_printer/src/arduino_test'
[3.516s] INFO:colcon.colcon_core.shell:Skip shell extension 'powershell' for command environment: Not usable outside of PowerShell
[3.517s] DEBUG:colcon.colcon_core.shell:Skip shell extension 'dsv' for command environment
[7.037s] DEBUG:colcon.colcon_core.event_handler.log_command:Invoking command in '/home/david/program/ROS_printer/src/arduino_test': PYTHONPATH=/home/david/program/ROS_printer/build/arduino_test/prefix_override:/usr/lib/python3/dist-packages/colcon_core/task/python/colcon_distutils_commands:/home/david/program/ROS_printer/install/arduino_test/lib/python3.10/site-packages:${PYTHONPATH} /usr/bin/python3 -W ignore:setup.py install is deprecated -W ignore:easy_install command is deprecated setup.py egg_info --egg-base ../../build/arduino_test build --build-base /home/david/program/ROS_printer/build/arduino_test/build install --record /home/david/program/ROS_printer/build/arduino_test/install.log --single-version-externally-managed install_data
[12.152s] DEBUG:colcon.colcon_core.event_handler.log_command:Invoked command in '/home/david/program/ROS_printer/src/arduino_test' returned '0': PYTHONPATH=/home/david/program/ROS_printer/build/arduino_test/prefix_override:/usr/lib/python3/dist-packages/colcon_core/task/python/colcon_distutils_commands:/home/david/program/ROS_printer/install/arduino_test/lib/python3.10/site-packages:${PYTHONPATH} /usr/bin/python3 -W ignore:setup.py install is deprecated -W ignore:easy_install command is deprecated setup.py egg_info --egg-base ../../build/arduino_test build --build-base /home/david/program/ROS_printer/build/arduino_test/build install --record /home/david/program/ROS_printer/build/arduino_test/install.log --single-version-externally-managed install_data
[12.174s] Level 1:colcon.colcon_core.environment:checking '/home/david/program/ROS_printer/install/arduino_test' for CMake module files
[12.309s] Level 1:colcon.colcon_core.environment:checking '/home/david/program/ROS_printer/install/arduino_test' for CMake config files
[12.573s] Level 1:colcon.colcon_core.environment:checking '/home/david/program/ROS_printer/install/arduino_test/lib'
[12.587s] Level 1:colcon.colcon_core.environment:checking '/home/david/program/ROS_printer/install/arduino_test/bin'
[12.592s] Level 1:colcon.colcon_core.environment:checking '/home/david/program/ROS_printer/install/arduino_test/lib/pkgconfig/arduino_test.pc'
[12.599s] Level 1:colcon.colcon_core.environment:checking '/home/david/program/ROS_printer/install/arduino_test/lib/python3.10/site-packages'
[12.606s] Level 1:colcon.colcon_core.shell:create_environment_hook('arduino_test', 'pythonpath')
[12.607s] INFO:colcon.colcon_core.shell:Creating environment hook '/home/david/program/ROS_printer/install/arduino_test/share/arduino_test/hook/pythonpath.ps1'
[12.645s] INFO:colcon.colcon_core.shell:Creating environment descriptor '/home/david/program/ROS_printer/install/arduino_test/share/arduino_test/hook/pythonpath.dsv'
[12.689s] INFO:colcon.colcon_core.shell:Creating environment hook '/home/david/program/ROS_printer/install/arduino_test/share/arduino_test/hook/pythonpath.sh'
[12.748s] Level 1:colcon.colcon_core.environment:checking '/home/david/program/ROS_printer/install/arduino_test/bin'
[12.753s] Level 1:colcon.colcon_core.environment:create_environment_scripts_only(arduino_test)
[12.755s] INFO:colcon.colcon_core.shell:Creating package script '/home/david/program/ROS_printer/install/arduino_test/share/arduino_test/package.ps1'
[12.793s] INFO:colcon.colcon_core.shell:Creating package descriptor '/home/david/program/ROS_printer/install/arduino_test/share/arduino_test/package.dsv'
[12.833s] INFO:colcon.colcon_core.shell:Creating package script '/home/david/program/ROS_printer/install/arduino_test/share/arduino_test/package.sh'
[12.874s] INFO:colcon.colcon_core.shell:Creating package script '/home/david/program/ROS_printer/install/arduino_test/share/arduino_test/package.bash'
[12.914s] INFO:colcon.colcon_core.shell:Creating package script '/home/david/program/ROS_printer/install/arduino_test/share/arduino_test/package.zsh'
[12.953s] Level 1:colcon.colcon_core.environment:create_file_with_runtime_dependencies(/home/david/program/ROS_printer/install/arduino_test/share/colcon-core/packages/arduino_test)
[12.991s] DEBUG:colcon.colcon_parallel_executor.executor.parallel:closing loop
[12.992s] DEBUG:colcon.colcon_parallel_executor.executor.parallel:loop closed
[12.993s] DEBUG:colcon.colcon_parallel_executor.executor.parallel:run_until_complete finished with '0'
[12.994s] DEBUG:colcon.colcon_core.event_reactor:joining thread
[13.061s] INFO:colcon.colcon_core.plugin_system:Skipping extension 'colcon_notification.desktop_notification.terminal_notifier': Not used on non-Darwin systems
[13.062s] INFO:colcon.colcon_core.plugin_system:Skipping extension 'colcon_notification.desktop_notification.win32': Not used on non-Windows systems
[13.063s] INFO:colcon.colcon_notification.desktop_notification:Sending desktop notification using 'notify2'
[13.065s] DEBUG:colcon.colcon_notification.desktop_notification.notify2:Failed to initialize notify2: org.freedesktop.DBus.Error.NotSupported: Unable to autolaunch a dbus-daemon without a $DISPLAY for X11
[13.066s] DEBUG:colcon.colcon_core.event_reactor:joined thread
[13.068s] INFO:colcon.colcon_core.shell:Creating prefix script '/home/david/program/ROS_printer/install/local_setup.ps1'
[13.088s] INFO:colcon.colcon_core.shell:Creating prefix util module '/home/david/program/ROS_printer/install/_local_setup_util_ps1.py'
[13.110s] INFO:colcon.colcon_core.shell:Creating prefix chain script '/home/david/program/ROS_printer/install/setup.ps1'
[13.131s] INFO:colcon.colcon_core.shell:Creating prefix script '/home/david/program/ROS_printer/install/local_setup.sh'
[13.152s] INFO:colcon.colcon_core.shell:Creating prefix util module '/home/david/program/ROS_printer/install/_local_setup_util_sh.py'
[13.171s] INFO:colcon.colcon_core.shell:Creating prefix chain script '/home/david/program/ROS_printer/install/setup.sh'
[13.193s] INFO:colcon.colcon_core.shell:Creating prefix script '/home/david/program/ROS_printer/install/local_setup.bash'
[13.216s] INFO:colcon.colcon_core.shell:Creating prefix chain script '/home/david/program/ROS_printer/install/setup.bash'
[13.238s] INFO:colcon.colcon_core.shell:Creating prefix script '/home/david/program/ROS_printer/install/local_setup.zsh'
[13.258s] INFO:colcon.colcon_core.shell:Creating prefix chain script '/home/david/program/ROS_printer/install/setup.zsh'
