[1.269s] DEBUG:colcon:Command line arguments: ['/usr/bin/colcon', 'build']
[1.271s] DEBUG:colcon:Parsed command line arguments: Namespace(log_base=None, log_level=None, verb_name='build', build_base='build', install_base='install', merge_install=False, symlink_install=False, test_result_base=None, continue_on_error=False, executor='parallel', parallel_workers=16, event_handlers=None, ignore_user_meta=False, metas=['./colcon.meta'], base_paths=['.'], packages_ignore=None, packages_ignore_regex=None, paths=None, packages_up_to=None, packages_up_to_regex=None, packages_above=None, packages_above_and_dependencies=None, packages_above_depth=None, packages_select_by_dep=None, packages_skip_by_dep=None, packages_skip_up_to=None, packages_select_build_failed=False, packages_skip_build_finished=False, packages_select_test_failures=False, packages_skip_test_passed=False, packages_select=None, packages_skip=None, packages_select_regex=None, packages_skip_regex=None, packages_start=None, packages_end=None, allow_overriding=[], cmake_args=None, cmake_target=None, cmake_target_skip_unavailable=False, cmake_clean_cache=False, cmake_clean_first=False, cmake_force_configure=False, ament_cmake_args=None, catkin_cmake_args=None, catkin_skip_building_tests=False, verb_parser=<colcon_defaults.argument_parser.defaults.DefaultArgumentsDecorator object at 0x7f64b9ab27a0>, verb_extension=<colcon_core.verb.build.BuildVerb object at 0x7f64b9c17bb0>, main=<bound method BuildVerb.main of <colcon_core.verb.build.BuildVerb object at 0x7f64b9c17bb0>>)
[2.426s] Level 1:colcon.colcon_core.package_discovery:discover_packages(colcon_meta) check parameters
[2.428s] Level 1:colcon.colcon_core.package_discovery:discover_packages(recursive) check parameters
[2.429s] Level 1:colcon.colcon_core.package_discovery:discover_packages(ignore) check parameters
[2.429s] Level 1:colcon.colcon_core.package_discovery:discover_packages(path) check parameters
[2.430s] Level 1:colcon.colcon_core.package_discovery:discover_packages(colcon_meta) discover
[2.431s] Level 1:colcon.colcon_core.package_discovery:discover_packages(recursive) discover
[2.431s] INFO:colcon.colcon_core.package_discovery:Crawling recursively for packages in '/home/david/program/Printer/ROS_printer'
[2.436s] Level 1:colcon.colcon_core.package_identification:_identify(.) by extensions ['ignore', 'ignore_ament_install']
[2.437s] Level 1:colcon.colcon_core.package_identification:_identify(.) by extension 'ignore'
[2.439s] Level 1:colcon.colcon_core.package_identification:_identify(.) by extension 'ignore_ament_install'
[2.441s] Level 1:colcon.colcon_core.package_identification:_identify(.) by extensions ['colcon_pkg']
[2.442s] Level 1:colcon.colcon_core.package_identification:_identify(.) by extension 'colcon_pkg'
[2.443s] Level 1:colcon.colcon_core.package_identification:_identify(.) by extensions ['colcon_meta']
[2.444s] Level 1:colcon.colcon_core.package_identification:_identify(.) by extension 'colcon_meta'
[2.444s] Level 1:colcon.colcon_core.package_identification:_identify(.) by extensions ['ros']
[2.445s] Level 1:colcon.colcon_core.package_identification:_identify(.) by extension 'ros'
[2.490s] Level 1:colcon.colcon_core.package_identification:_identify(.) by extensions ['cmake', 'python']
[2.491s] Level 1:colcon.colcon_core.package_identification:_identify(.) by extension 'cmake'
[2.492s] Level 1:colcon.colcon_core.package_identification:_identify(.) by extension 'python'
[2.494s] Level 1:colcon.colcon_core.package_identification:_identify(.) by extensions ['python_setup_py']
[2.494s] Level 1:colcon.colcon_core.package_identification:_identify(.) by extension 'python_setup_py'
[2.502s] Level 1:colcon.colcon_core.package_identification:_identify(build) by extensions ['ignore', 'ignore_ament_install']
[2.503s] Level 1:colcon.colcon_core.package_identification:_identify(build) by extension 'ignore'
[2.507s] Level 1:colcon.colcon_core.package_identification:_identify(build) ignored
[2.516s] Level 1:colcon.colcon_core.package_identification:_identify(install) by extensions ['ignore', 'ignore_ament_install']
[2.517s] Level 1:colcon.colcon_core.package_identification:_identify(install) by extension 'ignore'
[2.521s] Level 1:colcon.colcon_core.package_identification:_identify(install) ignored
[2.534s] Level 1:colcon.colcon_core.package_identification:_identify(log) by extensions ['ignore', 'ignore_ament_install']
[2.535s] Level 1:colcon.colcon_core.package_identification:_identify(log) by extension 'ignore'
[2.538s] Level 1:colcon.colcon_core.package_identification:_identify(log) ignored
[2.546s] Level 1:colcon.colcon_core.package_identification:_identify(src) by extensions ['ignore', 'ignore_ament_install']
[2.547s] Level 1:colcon.colcon_core.package_identification:_identify(src) by extension 'ignore'
[2.550s] Level 1:colcon.colcon_core.package_identification:_identify(src) by extension 'ignore_ament_install'
[2.554s] Level 1:colcon.colcon_core.package_identification:_identify(src) by extensions ['colcon_pkg']
[2.555s] Level 1:colcon.colcon_core.package_identification:_identify(src) by extension 'colcon_pkg'
[2.558s] Level 1:colcon.colcon_core.package_identification:_identify(src) by extensions ['colcon_meta']
[2.559s] Level 1:colcon.colcon_core.package_identification:_identify(src) by extension 'colcon_meta'
[2.563s] Level 1:colcon.colcon_core.package_identification:_identify(src) by extensions ['ros']
[2.564s] Level 1:colcon.colcon_core.package_identification:_identify(src) by extension 'ros'
[2.574s] Level 1:colcon.colcon_core.package_identification:_identify(src) by extensions ['cmake', 'python']
[2.575s] Level 1:colcon.colcon_core.package_identification:_identify(src) by extension 'cmake'
[2.578s] Level 1:colcon.colcon_core.package_identification:_identify(src) by extension 'python'
[2.581s] Level 1:colcon.colcon_core.package_identification:_identify(src) by extensions ['python_setup_py']
[2.581s] Level 1:colcon.colcon_core.package_identification:_identify(src) by extension 'python_setup_py'
[2.596s] Level 1:colcon.colcon_core.package_identification:_identify(src/arduino_test) by extensions ['ignore', 'ignore_ament_install']
[2.597s] Level 1:colcon.colcon_core.package_identification:_identify(src/arduino_test) by extension 'ignore'
[2.601s] Level 1:colcon.colcon_core.package_identification:_identify(src/arduino_test) by extension 'ignore_ament_install'
[2.609s] Level 1:colcon.colcon_core.package_identification:_identify(src/arduino_test) by extensions ['colcon_pkg']
[2.610s] Level 1:colcon.colcon_core.package_identification:_identify(src/arduino_test) by extension 'colcon_pkg'
[2.614s] Level 1:colcon.colcon_core.package_identification:_identify(src/arduino_test) by extensions ['colcon_meta']
[2.615s] Level 1:colcon.colcon_core.package_identification:_identify(src/arduino_test) by extension 'colcon_meta'
[2.621s] Level 1:colcon.colcon_core.package_identification:_identify(src/arduino_test) by extensions ['ros']
[2.621s] Level 1:colcon.colcon_core.package_identification:_identify(src/arduino_test) by extension 'ros'
[2.716s] DEBUG:colcon.colcon_core.package_identification:Package 'src/arduino_test' with type 'ros.ament_python' and name 'arduino_test'
[2.717s] Level 1:colcon.colcon_core.package_discovery:discover_packages(recursive) using defaults
[2.717s] Level 1:colcon.colcon_core.package_discovery:discover_packages(ignore) discover
[2.718s] Level 1:colcon.colcon_core.package_discovery:discover_packages(ignore) using defaults
[2.719s] Level 1:colcon.colcon_core.package_discovery:discover_packages(path) discover
[2.720s] Level 1:colcon.colcon_core.package_discovery:discover_packages(path) using defaults
[2.851s] Level 1:colcon.colcon_core.package_discovery:discover_packages(prefix_path) check parameters
[2.852s] Level 1:colcon.colcon_core.package_discovery:discover_packages(prefix_path) discover
[2.866s] DEBUG:colcon.colcon_installed_package_information.package_discovery:Found 271 installed packages in /opt/ros/humble
[2.870s] Level 1:colcon.colcon_core.package_discovery:discover_packages(prefix_path) using defaults
[3.008s] Level 5:colcon.colcon_core.verb:set package 'arduino_test' build argument 'cmake_args' from command line to 'None'
[3.009s] Level 5:colcon.colcon_core.verb:set package 'arduino_test' build argument 'cmake_target' from command line to 'None'
[3.010s] Level 5:colcon.colcon_core.verb:set package 'arduino_test' build argument 'cmake_target_skip_unavailable' from command line to 'False'
[3.010s] Level 5:colcon.colcon_core.verb:set package 'arduino_test' build argument 'cmake_clean_cache' from command line to 'False'
[3.011s] Level 5:colcon.colcon_core.verb:set package 'arduino_test' build argument 'cmake_clean_first' from command line to 'False'
[3.012s] Level 5:colcon.colcon_core.verb:set package 'arduino_test' build argument 'cmake_force_configure' from command line to 'False'
[3.013s] Level 5:colcon.colcon_core.verb:set package 'arduino_test' build argument 'ament_cmake_args' from command line to 'None'
[3.013s] Level 5:colcon.colcon_core.verb:set package 'arduino_test' build argument 'catkin_cmake_args' from command line to 'None'
[3.014s] Level 5:colcon.colcon_core.verb:set package 'arduino_test' build argument 'catkin_skip_building_tests' from command line to 'False'
[3.015s] DEBUG:colcon.colcon_core.verb:Building package 'arduino_test' with the following arguments: {'ament_cmake_args': None, 'build_base': '/home/david/program/Printer/ROS_printer/build/arduino_test', 'catkin_cmake_args': None, 'catkin_skip_building_tests': False, 'cmake_args': None, 'cmake_clean_cache': False, 'cmake_clean_first': False, 'cmake_force_configure': False, 'cmake_target': None, 'cmake_target_skip_unavailable': False, 'install_base': '/home/david/program/Printer/ROS_printer/install/arduino_test', 'merge_install': False, 'path': '/home/david/program/Printer/ROS_printer/src/arduino_test', 'symlink_install': False, 'test_result_base': None}
[3.016s] INFO:colcon.colcon_core.executor:Executing jobs using 'parallel' executor
[3.019s] DEBUG:colcon.colcon_parallel_executor.executor.parallel:run_until_complete
[3.020s] INFO:colcon.colcon_ros.task.ament_python.build:Building ROS package in '/home/david/program/Printer/ROS_printer/src/arduino_test' with build type 'ament_python'
[3.021s] Level 1:colcon.colcon_core.shell:create_environment_hook('arduino_test', 'ament_prefix_path')
[3.041s] INFO:colcon.colcon_core.plugin_system:Skipping extension 'colcon_core.shell.bat': Not used on non-Windows systems
[3.043s] INFO:colcon.colcon_core.shell:Creating environment hook '/home/david/program/Printer/ROS_printer/install/arduino_test/share/arduino_test/hook/ament_prefix_path.ps1'
[3.094s] INFO:colcon.colcon_core.shell:Creating environment descriptor '/home/david/program/Printer/ROS_printer/install/arduino_test/share/arduino_test/hook/ament_prefix_path.dsv'
[3.143s] INFO:colcon.colcon_core.shell:Creating environment hook '/home/david/program/Printer/ROS_printer/install/arduino_test/share/arduino_test/hook/ament_prefix_path.sh'
[3.189s] INFO:colcon.colcon_core.shell:Skip shell extension 'powershell' for command environment: Not usable outside of PowerShell
[3.190s] DEBUG:colcon.colcon_core.shell:Skip shell extension 'dsv' for command environment
[4.057s] INFO:colcon.colcon_core.task.python.build:Building Python package in '/home/david/program/Printer/ROS_printer/src/arduino_test'
[4.058s] INFO:colcon.colcon_core.shell:Skip shell extension 'powershell' for command environment: Not usable outside of PowerShell
[4.059s] DEBUG:colcon.colcon_core.shell:Skip shell extension 'dsv' for command environment
[7.518s] DEBUG:colcon.colcon_core.event_handler.log_command:Invoking command in '/home/david/program/Printer/ROS_printer/src/arduino_test': PYTHONPATH=/home/david/program/Printer/ROS_printer/build/arduino_test/prefix_override:/usr/lib/python3/dist-packages/colcon_core/task/python/colcon_distutils_commands:/home/david/program/Printer/ROS_printer/install/arduino_test/lib/python3.10/site-packages:${PYTHONPATH} /usr/bin/python3 -W ignore:setup.py install is deprecated -W ignore:easy_install command is deprecated setup.py egg_info --egg-base ../../build/arduino_test build --build-base /home/david/program/Printer/ROS_printer/build/arduino_test/build install --record /home/david/program/Printer/ROS_printer/build/arduino_test/install.log --single-version-externally-managed install_data
[12.265s] DEBUG:colcon.colcon_core.event_handler.log_command:Invoked command in '/home/david/program/Printer/ROS_printer/src/arduino_test' returned '0': PYTHONPATH=/home/david/program/Printer/ROS_printer/build/arduino_test/prefix_override:/usr/lib/python3/dist-packages/colcon_core/task/python/colcon_distutils_commands:/home/david/program/Printer/ROS_printer/install/arduino_test/lib/python3.10/site-packages:${PYTHONPATH} /usr/bin/python3 -W ignore:setup.py install is deprecated -W ignore:easy_install command is deprecated setup.py egg_info --egg-base ../../build/arduino_test build --build-base /home/david/program/Printer/ROS_printer/build/arduino_test/build install --record /home/david/program/Printer/ROS_printer/build/arduino_test/install.log --single-version-externally-managed install_data
[12.282s] Level 1:colcon.colcon_core.environment:checking '/home/david/program/Printer/ROS_printer/install/arduino_test' for CMake module files
[12.415s] Level 1:colcon.colcon_core.environment:checking '/home/david/program/Printer/ROS_printer/install/arduino_test' for CMake config files
[12.631s] Level 1:colcon.colcon_core.environment:checking '/home/david/program/Printer/ROS_printer/install/arduino_test/lib'
[12.641s] Level 1:colcon.colcon_core.environment:checking '/home/david/program/Printer/ROS_printer/install/arduino_test/bin'
[12.645s] Level 1:colcon.colcon_core.environment:checking '/home/david/program/Printer/ROS_printer/install/arduino_test/lib/pkgconfig/arduino_test.pc'
[12.649s] Level 1:colcon.colcon_core.environment:checking '/home/david/program/Printer/ROS_printer/install/arduino_test/lib/python3.10/site-packages'
[12.656s] Level 1:colcon.colcon_core.shell:create_environment_hook('arduino_test', 'pythonpath')
[12.657s] INFO:colcon.colcon_core.shell:Creating environment hook '/home/david/program/Printer/ROS_printer/install/arduino_test/share/arduino_test/hook/pythonpath.ps1'
[12.690s] INFO:colcon.colcon_core.shell:Creating environment descriptor '/home/david/program/Printer/ROS_printer/install/arduino_test/share/arduino_test/hook/pythonpath.dsv'
[12.725s] INFO:colcon.colcon_core.shell:Creating environment hook '/home/david/program/Printer/ROS_printer/install/arduino_test/share/arduino_test/hook/pythonpath.sh'
[12.759s] Level 1:colcon.colcon_core.environment:checking '/home/david/program/Printer/ROS_printer/install/arduino_test/bin'
[12.763s] Level 1:colcon.colcon_core.environment:create_environment_scripts_only(arduino_test)
[12.764s] INFO:colcon.colcon_core.shell:Creating package script '/home/david/program/Printer/ROS_printer/install/arduino_test/share/arduino_test/package.ps1'
[12.837s] INFO:colcon.colcon_core.shell:Creating package descriptor '/home/david/program/Printer/ROS_printer/install/arduino_test/share/arduino_test/package.dsv'
[12.868s] INFO:colcon.colcon_core.shell:Creating package script '/home/david/program/Printer/ROS_printer/install/arduino_test/share/arduino_test/package.sh'
[12.898s] INFO:colcon.colcon_core.shell:Creating package script '/home/david/program/Printer/ROS_printer/install/arduino_test/share/arduino_test/package.bash'
[12.927s] INFO:colcon.colcon_core.shell:Creating package script '/home/david/program/Printer/ROS_printer/install/arduino_test/share/arduino_test/package.zsh'
[12.957s] Level 1:colcon.colcon_core.environment:create_file_with_runtime_dependencies(/home/david/program/Printer/ROS_printer/install/arduino_test/share/colcon-core/packages/arduino_test)
[12.978s] DEBUG:colcon.colcon_parallel_executor.executor.parallel:closing loop
[12.979s] DEBUG:colcon.colcon_parallel_executor.executor.parallel:loop closed
[12.980s] DEBUG:colcon.colcon_parallel_executor.executor.parallel:run_until_complete finished with '0'
[12.981s] DEBUG:colcon.colcon_core.event_reactor:joining thread
[13.038s] INFO:colcon.colcon_core.plugin_system:Skipping extension 'colcon_notification.desktop_notification.terminal_notifier': Not used on non-Darwin systems
[13.039s] INFO:colcon.colcon_core.plugin_system:Skipping extension 'colcon_notification.desktop_notification.win32': Not used on non-Windows systems
[13.039s] INFO:colcon.colcon_notification.desktop_notification:Sending desktop notification using 'notify2'
[13.040s] DEBUG:colcon.colcon_notification.desktop_notification.notify2:Failed to initialize notify2: org.freedesktop.DBus.Error.NotSupported: Unable to autolaunch a dbus-daemon without a $DISPLAY for X11
[13.041s] DEBUG:colcon.colcon_core.event_reactor:joined thread
[13.043s] INFO:colcon.colcon_core.shell:Creating prefix script '/home/david/program/Printer/ROS_printer/install/local_setup.ps1'
[13.057s] INFO:colcon.colcon_core.shell:Creating prefix util module '/home/david/program/Printer/ROS_printer/install/_local_setup_util_ps1.py'
[13.073s] INFO:colcon.colcon_core.shell:Creating prefix chain script '/home/david/program/Printer/ROS_printer/install/setup.ps1'
[13.087s] INFO:colcon.colcon_core.shell:Creating prefix script '/home/david/program/Printer/ROS_printer/install/local_setup.sh'
[13.102s] INFO:colcon.colcon_core.shell:Creating prefix util module '/home/david/program/Printer/ROS_printer/install/_local_setup_util_sh.py'
[13.116s] INFO:colcon.colcon_core.shell:Creating prefix chain script '/home/david/program/Printer/ROS_printer/install/setup.sh'
[13.132s] INFO:colcon.colcon_core.shell:Creating prefix script '/home/david/program/Printer/ROS_printer/install/local_setup.bash'
[13.145s] INFO:colcon.colcon_core.shell:Creating prefix chain script '/home/david/program/Printer/ROS_printer/install/setup.bash'
[13.158s] INFO:colcon.colcon_core.shell:Creating prefix script '/home/david/program/Printer/ROS_printer/install/local_setup.zsh'
[13.172s] INFO:colcon.colcon_core.shell:Creating prefix chain script '/home/david/program/Printer/ROS_printer/install/setup.zsh'
